This is pdfTeX, Version 3.1415926-2.4-1.40.13 (MiKTeX 2.9 64-bit) (preloaded format=pdflatex 2014.5.10)  26 JUL 2014 21:27
entering extended mode
**documentation.tex
(C:\xampp\htdocs\workspace\WEB-gene-expression\documentation\documentation.tex
LaTeX2e <2011/06/27>
Babel <v3.8m> and hyphenation patterns for english, afrikaans, ancientgreek, ar
abic, armenian, assamese, basque, bengali, bokmal, bulgarian, catalan, coptic, 
croatian, czech, danish, dutch, esperanto, estonian, farsi, finnish, french, ga
lician, german, german-x-2012-05-30, greek, gujarati, hindi, hungarian, iceland
ic, indonesian, interlingua, irish, italian, kannada, kurmanji, latin, latvian,
 lithuanian, malayalam, marathi, mongolian, mongolianlmc, monogreek, ngerman, n
german-x-2012-05-30, nynorsk, oriya, panjabi, pinyin, polish, portuguese, roman
ian, russian, sanskrit, serbian, slovak, slovenian, spanish, swedish, swissgerm
an, tamil, telugu, turkish, turkmen, ukenglish, ukrainian, uppersorbian, usengl
ishmax, welsh, loaded.
("C:\Program Files\MikTek\tex\latex\base\report.cls"
Document Class: report 2007/10/19 v1.4h Standard LaTeX document class
("C:\Program Files\MikTek\tex\latex\base\size10.clo"
File: size10.clo 2007/10/19 v1.4h Standard LaTeX file (size option)
)
\c@part=\count79
\c@chapter=\count80
\c@section=\count81
\c@subsection=\count82
\c@subsubsection=\count83
\c@paragraph=\count84
\c@subparagraph=\count85
\c@figure=\count86
\c@table=\count87
\abovecaptionskip=\skip41
\belowcaptionskip=\skip42
\bibindent=\dimen102
)
("C:\Program Files\MikTek\tex\latex\base\fontenc.sty"
Package: fontenc 2005/09/27 v1.99g Standard LaTeX package

("C:\Program Files\MikTek\tex\latex\base\t1enc.def"
File: t1enc.def 2005/09/27 v1.99g Standard LaTeX file
LaTeX Font Info:    Redeclaring font encoding T1 on input line 43.
))
("C:\Program Files\MikTek\tex\latex\base\inputenc.sty"
Package: inputenc 2008/03/30 v1.1d Input encoding file
\inpenc@prehook=\toks14
\inpenc@posthook=\toks15

("C:\Program Files\MikTek\tex\latex\base\utf8.def"
File: utf8.def 2008/04/05 v1.1m UTF-8 support for inputenc
Now handling font encoding OML ...
... no UTF-8 mapping file for font encoding OML
Now handling font encoding T1 ...
... processing UTF-8 mapping file for font encoding T1

("C:\Program Files\MikTek\tex\latex\base\t1enc.dfu"
File: t1enc.dfu 2008/04/05 v1.1m UTF-8 support for inputenc
   defining Unicode char U+00A1 (decimal 161)
   defining Unicode char U+00A3 (decimal 163)
   defining Unicode char U+00AB (decimal 171)
   defining Unicode char U+00BB (decimal 187)
   defining Unicode char U+00BF (decimal 191)
   defining Unicode char U+00C0 (decimal 192)
   defining Unicode char U+00C1 (decimal 193)
   defining Unicode char U+00C2 (decimal 194)
   defining Unicode char U+00C3 (decimal 195)
   defining Unicode char U+00C4 (decimal 196)
   defining Unicode char U+00C5 (decimal 197)
   defining Unicode char U+00C6 (decimal 198)
   defining Unicode char U+00C7 (decimal 199)
   defining Unicode char U+00C8 (decimal 200)
   defining Unicode char U+00C9 (decimal 201)
   defining Unicode char U+00CA (decimal 202)
   defining Unicode char U+00CB (decimal 203)
   defining Unicode char U+00CC (decimal 204)
   defining Unicode char U+00CD (decimal 205)
   defining Unicode char U+00CE (decimal 206)
   defining Unicode char U+00CF (decimal 207)
   defining Unicode char U+00D0 (decimal 208)
   defining Unicode char U+00D1 (decimal 209)
   defining Unicode char U+00D2 (decimal 210)
   defining Unicode char U+00D3 (decimal 211)
   defining Unicode char U+00D4 (decimal 212)
   defining Unicode char U+00D5 (decimal 213)
   defining Unicode char U+00D6 (decimal 214)
   defining Unicode char U+00D8 (decimal 216)
   defining Unicode char U+00D9 (decimal 217)
   defining Unicode char U+00DA (decimal 218)
   defining Unicode char U+00DB (decimal 219)
   defining Unicode char U+00DC (decimal 220)
   defining Unicode char U+00DD (decimal 221)
   defining Unicode char U+00DE (decimal 222)
   defining Unicode char U+00DF (decimal 223)
   defining Unicode char U+00E0 (decimal 224)
   defining Unicode char U+00E1 (decimal 225)
   defining Unicode char U+00E2 (decimal 226)
   defining Unicode char U+00E3 (decimal 227)
   defining Unicode char U+00E4 (decimal 228)
   defining Unicode char U+00E5 (decimal 229)
   defining Unicode char U+00E6 (decimal 230)
   defining Unicode char U+00E7 (decimal 231)
   defining Unicode char U+00E8 (decimal 232)
   defining Unicode char U+00E9 (decimal 233)
   defining Unicode char U+00EA (decimal 234)
   defining Unicode char U+00EB (decimal 235)
   defining Unicode char U+00EC (decimal 236)
   defining Unicode char U+00ED (decimal 237)
   defining Unicode char U+00EE (decimal 238)
   defining Unicode char U+00EF (decimal 239)
   defining Unicode char U+00F0 (decimal 240)
   defining Unicode char U+00F1 (decimal 241)
   defining Unicode char U+00F2 (decimal 242)
   defining Unicode char U+00F3 (decimal 243)
   defining Unicode char U+00F4 (decimal 244)
   defining Unicode char U+00F5 (decimal 245)
   defining Unicode char U+00F6 (decimal 246)
   defining Unicode char U+00F8 (decimal 248)
   defining Unicode char U+00F9 (decimal 249)
   defining Unicode char U+00FA (decimal 250)
   defining Unicode char U+00FB (decimal 251)
   defining Unicode char U+00FC (decimal 252)
   defining Unicode char U+00FD (decimal 253)
   defining Unicode char U+00FE (decimal 254)
   defining Unicode char U+00FF (decimal 255)
   defining Unicode char U+0102 (decimal 258)
   defining Unicode char U+0103 (decimal 259)
   defining Unicode char U+0104 (decimal 260)
   defining Unicode char U+0105 (decimal 261)
   defining Unicode char U+0106 (decimal 262)
   defining Unicode char U+0107 (decimal 263)
   defining Unicode char U+010C (decimal 268)
   defining Unicode char U+010D (decimal 269)
   defining Unicode char U+010E (decimal 270)
   defining Unicode char U+010F (decimal 271)
   defining Unicode char U+0110 (decimal 272)
   defining Unicode char U+0111 (decimal 273)
   defining Unicode char U+0118 (decimal 280)
   defining Unicode char U+0119 (decimal 281)
   defining Unicode char U+011A (decimal 282)
   defining Unicode char U+011B (decimal 283)
   defining Unicode char U+011E (decimal 286)
   defining Unicode char U+011F (decimal 287)
   defining Unicode char U+0130 (decimal 304)
   defining Unicode char U+0131 (decimal 305)
   defining Unicode char U+0132 (decimal 306)
   defining Unicode char U+0133 (decimal 307)
   defining Unicode char U+0139 (decimal 313)
   defining Unicode char U+013A (decimal 314)
   defining Unicode char U+013D (decimal 317)
   defining Unicode char U+013E (decimal 318)
   defining Unicode char U+0141 (decimal 321)
   defining Unicode char U+0142 (decimal 322)
   defining Unicode char U+0143 (decimal 323)
   defining Unicode char U+0144 (decimal 324)
   defining Unicode char U+0147 (decimal 327)
   defining Unicode char U+0148 (decimal 328)
   defining Unicode char U+014A (decimal 330)
   defining Unicode char U+014B (decimal 331)
   defining Unicode char U+0150 (decimal 336)
   defining Unicode char U+0151 (decimal 337)
   defining Unicode char U+0152 (decimal 338)
   defining Unicode char U+0153 (decimal 339)
   defining Unicode char U+0154 (decimal 340)
   defining Unicode char U+0155 (decimal 341)
   defining Unicode char U+0158 (decimal 344)
   defining Unicode char U+0159 (decimal 345)
   defining Unicode char U+015A (decimal 346)
   defining Unicode char U+015B (decimal 347)
   defining Unicode char U+015E (decimal 350)
   defining Unicode char U+015F (decimal 351)
   defining Unicode char U+0160 (decimal 352)
   defining Unicode char U+0161 (decimal 353)
   defining Unicode char U+0162 (decimal 354)
   defining Unicode char U+0163 (decimal 355)
   defining Unicode char U+0164 (decimal 356)
   defining Unicode char U+0165 (decimal 357)
   defining Unicode char U+016E (decimal 366)
   defining Unicode char U+016F (decimal 367)
   defining Unicode char U+0170 (decimal 368)
   defining Unicode char U+0171 (decimal 369)
   defining Unicode char U+0178 (decimal 376)
   defining Unicode char U+0179 (decimal 377)
   defining Unicode char U+017A (decimal 378)
   defining Unicode char U+017B (decimal 379)
   defining Unicode char U+017C (decimal 380)
   defining Unicode char U+017D (decimal 381)
   defining Unicode char U+017E (decimal 382)
   defining Unicode char U+200C (decimal 8204)
   defining Unicode char U+2013 (decimal 8211)
   defining Unicode char U+2014 (decimal 8212)
   defining Unicode char U+2018 (decimal 8216)
   defining Unicode char U+2019 (decimal 8217)
   defining Unicode char U+201A (decimal 8218)
   defining Unicode char U+201C (decimal 8220)
   defining Unicode char U+201D (decimal 8221)
   defining Unicode char U+201E (decimal 8222)
   defining Unicode char U+2030 (decimal 8240)
   defining Unicode char U+2031 (decimal 8241)
   defining Unicode char U+2039 (decimal 8249)
   defining Unicode char U+203A (decimal 8250)
   defining Unicode char U+2423 (decimal 9251)
)
Now handling font encoding OT1 ...
... processing UTF-8 mapping file for font encoding OT1

("C:\Program Files\MikTek\tex\latex\base\ot1enc.dfu"
File: ot1enc.dfu 2008/04/05 v1.1m UTF-8 support for inputenc
   defining Unicode char U+00A1 (decimal 161)
   defining Unicode char U+00A3 (decimal 163)
   defining Unicode char U+00B8 (decimal 184)
   defining Unicode char U+00BF (decimal 191)
   defining Unicode char U+00C5 (decimal 197)
   defining Unicode char U+00C6 (decimal 198)
   defining Unicode char U+00D8 (decimal 216)
   defining Unicode char U+00DF (decimal 223)
   defining Unicode char U+00E6 (decimal 230)
   defining Unicode char U+00EC (decimal 236)
   defining Unicode char U+00ED (decimal 237)
   defining Unicode char U+00EE (decimal 238)
   defining Unicode char U+00EF (decimal 239)
   defining Unicode char U+00F8 (decimal 248)
   defining Unicode char U+0131 (decimal 305)
   defining Unicode char U+0141 (decimal 321)
   defining Unicode char U+0142 (decimal 322)
   defining Unicode char U+0152 (decimal 338)
   defining Unicode char U+0153 (decimal 339)
   defining Unicode char U+2013 (decimal 8211)
   defining Unicode char U+2014 (decimal 8212)
   defining Unicode char U+2018 (decimal 8216)
   defining Unicode char U+2019 (decimal 8217)
   defining Unicode char U+201C (decimal 8220)
   defining Unicode char U+201D (decimal 8221)
)
Now handling font encoding OMS ...
... processing UTF-8 mapping file for font encoding OMS

("C:\Program Files\MikTek\tex\latex\base\omsenc.dfu"
File: omsenc.dfu 2008/04/05 v1.1m UTF-8 support for inputenc
   defining Unicode char U+00A7 (decimal 167)
   defining Unicode char U+00B6 (decimal 182)
   defining Unicode char U+00B7 (decimal 183)
   defining Unicode char U+2020 (decimal 8224)
   defining Unicode char U+2021 (decimal 8225)
   defining Unicode char U+2022 (decimal 8226)
)
Now handling font encoding OMX ...
... no UTF-8 mapping file for font encoding OMX
Now handling font encoding U ...
... no UTF-8 mapping file for font encoding U
   defining Unicode char U+00A9 (decimal 169)
   defining Unicode char U+00AA (decimal 170)
   defining Unicode char U+00AE (decimal 174)
   defining Unicode char U+00BA (decimal 186)
   defining Unicode char U+02C6 (decimal 710)
   defining Unicode char U+02DC (decimal 732)
   defining Unicode char U+200C (decimal 8204)
   defining Unicode char U+2026 (decimal 8230)
   defining Unicode char U+2122 (decimal 8482)
   defining Unicode char U+2423 (decimal 9251)
))
("C:\Program Files\MikTek\tex\generic\babel\babel.sty"
Package: babel 2008/07/08 v3.8m The Babel package

*************************************
* Local config file bblopts.cfg used
*
("C:\Program Files\MikTek\tex\latex\00miktex\bblopts.cfg"
File: bblopts.cfg 2006/07/31 v1.0 MiKTeX 'babel' configuration
)
("C:\Program Files\MikTek\tex\generic\babel\english.ldf"
Language: english 2005/03/30 v3.3o English support from the babel system

("C:\Program Files\MikTek\tex\generic\babel\babel.def"
File: babel.def 2008/07/08 v3.8m Babel common definitions
\babel@savecnt=\count88
\U@D=\dimen103
)
\l@canadian = a dialect from \language\l@american 
\l@australian = a dialect from \language\l@british 
\l@newzealand = a dialect from \language\l@british 
))
("C:\Program Files\MikTek\tex\latex\graphics\graphicx.sty"
Package: graphicx 1999/02/16 v1.0f Enhanced LaTeX Graphics (DPC,SPQR)

("C:\Program Files\MikTek\tex\latex\graphics\keyval.sty"
Package: keyval 1999/03/16 v1.13 key=value parser (DPC)
\KV@toks@=\toks16
)
("C:\Program Files\MikTek\tex\latex\graphics\graphics.sty"
Package: graphics 2009/02/05 v1.0o Standard LaTeX Graphics (DPC,SPQR)

("C:\Program Files\MikTek\tex\latex\graphics\trig.sty"
Package: trig 1999/03/16 v1.09 sin cos tan (DPC)
)
("C:\Program Files\MikTek\tex\latex\00miktex\graphics.cfg"
File: graphics.cfg 2007/01/18 v1.5 graphics configuration of teTeX/TeXLive
)
Package graphics Info: Driver file: pdftex.def on input line 91.

("C:\Program Files\MikTek\tex\latex\pdftex-def\pdftex.def"
File: pdftex.def 2011/05/27 v0.06d Graphics/color for pdfTeX

("C:\Program Files\MikTek\tex\generic\oberdiek\infwarerr.sty"
Package: infwarerr 2010/04/08 v1.3 Providing info/warning/error messages (HO)
)
("C:\Program Files\MikTek\tex\generic\oberdiek\ltxcmds.sty"
Package: ltxcmds 2011/11/09 v1.22 LaTeX kernel commands for general use (HO)
)
\Gread@gobject=\count89
))
\Gin@req@height=\dimen104
\Gin@req@width=\dimen105
)
("C:\Program Files\MikTek\tex\latex\listings\listings.sty"
\lst@mode=\count90
\lst@gtempboxa=\box26
\lst@token=\toks17
\lst@length=\count91
\lst@currlwidth=\dimen106
\lst@column=\count92
\lst@pos=\count93
\lst@lostspace=\dimen107
\lst@width=\dimen108
\lst@newlines=\count94
\lst@lineno=\count95
\lst@maxwidth=\dimen109

("C:\Program Files\MikTek\tex\latex\listings\lstmisc.sty"
File: lstmisc.sty 2007/02/22 1.4 (Carsten Heinz)
\c@lstnumber=\count96
\lst@skipnumbers=\count97
\lst@framebox=\box27
)
("C:\Program Files\MikTek\tex\latex\listings\listings.cfg"
File: listings.cfg 2007/02/22 1.4 listings configuration
))
Package: listings 2007/02/22 1.4 (Carsten Heinz)

("C:\Program Files\MikTek\tex\latex\xcolor\xcolor.sty"
Package: xcolor 2007/01/21 v2.11 LaTeX color extensions (UK)

("C:\Program Files\MikTek\tex\latex\00miktex\color.cfg"
File: color.cfg 2007/01/18 v1.5 color configuration of teTeX/TeXLive
)
Package xcolor Info: Driver file: pdftex.def on input line 225.
Package xcolor Info: Model `cmy' substituted by `cmy0' on input line 1337.
Package xcolor Info: Model `hsb' substituted by `rgb' on input line 1341.
Package xcolor Info: Model `RGB' extended on input line 1353.
Package xcolor Info: Model `HTML' substituted by `rgb' on input line 1355.
Package xcolor Info: Model `Hsb' substituted by `hsb' on input line 1356.
Package xcolor Info: Model `tHsb' substituted by `hsb' on input line 1357.
Package xcolor Info: Model `HSB' substituted by `hsb' on input line 1358.
Package xcolor Info: Model `Gray' substituted by `gray' on input line 1359.
Package xcolor Info: Model `wave' substituted by `hsb' on input line 1360.
)
("C:\Program Files\MikTek\tex\latex\listings\lstlang1.sty"
File: lstlang1.sty 2004/09/05 1.3 listings language file
)
("C:\Program Files\MikTek\tex\latex\listings\lstlang2.sty"
File: lstlang2.sty 2004/09/05 1.3 listings language file
)
(C:\xampp\htdocs\workspace\WEB-gene-expression\documentation\documentation.aux

LaTeX Warning: Label `geneExpression' multiply defined.

)
LaTeX Font Info:    Checking defaults for OML/cmm/m/it on input line 14.
LaTeX Font Info:    ... okay on input line 14.
LaTeX Font Info:    Checking defaults for T1/cmr/m/n on input line 14.
LaTeX Font Info:    ... okay on input line 14.
LaTeX Font Info:    Checking defaults for OT1/cmr/m/n on input line 14.
LaTeX Font Info:    ... okay on input line 14.
LaTeX Font Info:    Checking defaults for OMS/cmsy/m/n on input line 14.
LaTeX Font Info:    ... okay on input line 14.
LaTeX Font Info:    Checking defaults for OMX/cmex/m/n on input line 14.
LaTeX Font Info:    ... okay on input line 14.
LaTeX Font Info:    Checking defaults for U/cmr/m/n on input line 14.
LaTeX Font Info:    ... okay on input line 14.
 ("C:\Program Files\MikTek\tex\context\base\supp-pdf.mkii"
[Loading MPS to PDF converter (version 2006.09.02).]
\scratchcounter=\count98
\scratchdimen=\dimen110
\scratchbox=\box28
\nofMPsegments=\count99
\nofMParguments=\count100
\everyMPshowfont=\toks18
\MPscratchCnt=\count101
\MPscratchDim=\dimen111
\MPnumerator=\count102
\makeMPintoPDFobject=\count103
\everyMPtoPDFconversion=\toks19
)
\c@lstlisting=\count104
 <logoRomaTre.jpg, id=1, 225.7233pt x 124.3044pt>
File: logoRomaTre.jpg Graphic file (type jpg)
 <use logoRomaTre.jpg>
Package pdftex.def Info: logoRomaTre.jpg used on input line 19.
(pdftex.def)             Requested size: 225.72273pt x 124.30408pt.

[1

{C:/Users/Davide/AppData/Local/MiKTeX/2.9/pdftex/config/pdftex.map} <C:/xampp/h
tdocs/workspace/WEB-gene-expression/documentation/logoRomaTre.jpg>]
Chapter 1.
LaTeX Font Info:    Try loading font information for OMS+cmr on input line 36.
("C:\Program Files\MikTek\tex\latex\base\omscmr.fd"
File: omscmr.fd 1999/05/25 v2.5h Standard LaTeX font definitions
)
LaTeX Font Info:    Font shape `OMS/cmr/m/n' in size <10> not available
(Font)              Font shape `OMS/cmsy/m/n' tried instead on input line 36.

<figure/SUservices.jpg, id=10, 700.11563pt x 446.41782pt>
File: figure/SUservices.jpg Graphic file (type jpg)

<use figure/SUservices.jpg>
Package pdftex.def Info: figure/SUservices.jpg used on input line 44.
(pdftex.def)             Requested size: 280.04129pt x 178.56395pt.
 [1

 <C:/xampp/htdocs/workspace/WEB-gene-expression/documentation/figure/SUservices
.jpg>]
<figure/filters.jpg, id=19, 681.29532pt x 488.57532pt>
File: figure/filters.jpg Graphic file (type jpg)

<use figure/filters.jpg>
Package pdftex.def Info: figure/filters.jpg used on input line 73.
(pdftex.def)             Requested size: 272.51329pt x 195.42667pt.
 [2]
Underfull \hbox (badness 10000) in paragraph at lines 86--88

 []

<figure/tableHeader.jpg, id=24, 1012.5328pt x 277.78781pt>
File: figure/tableHeader.jpg Graphic file (type jpg)

<use figure/tableHeader.jpg>
Package pdftex.def Info: figure/tableHeader.jpg used on input line 91.
(pdftex.def)             Requested size: 405.00595pt x 111.11314pt.

Overfull \hbox (60.00595pt too wide) in paragraph at lines 91--92
 [] 
 []

[3 <C:/xampp/htdocs/workspace/WEB-gene-expression/documentation/figure/filters.
jpg>] <figure/table.jpg, id=29, 1013.28563pt x 475.02469pt>
File: figure/table.jpg Graphic file (type jpg)

<use figure/table.jpg>
Package pdftex.def Info: figure/table.jpg used on input line 104.
(pdftex.def)             Requested size: 405.30708pt x 190.0065pt.

Overfull \hbox (60.30708pt too wide) in paragraph at lines 104--105
 [] 
 []

[4 <C:/xampp/htdocs/workspace/WEB-gene-expression/documentation/figure/tableHea
der.jpg> <C:/xampp/htdocs/workspace/WEB-gene-expression/documentation/figure/ta
ble.jpg>]
Chapter 2.
<figure/clientServer.png, id=33, 501.875pt x 217.81375pt>
File: figure/clientServer.png Graphic file (type png)

<use figure/clientServer.png>
Package pdftex.def Info: figure/clientServer.png used on input line 122.
(pdftex.def)             Requested size: 200.74643pt x 87.12395pt.

Underfull \hbox (badness 10000) in paragraph at lines 130--131

 []

[5

 <C:/xampp/htdocs/workspace/WEB-gene-expression/documentation/figure/clientServ
er.png>]
Underfull \hbox (badness 10000) in paragraph at lines 143--145

 []


Overfull \hbox (11.71844pt too wide) in paragraph at lines 148--149
\T1/cmr/m/n/10 The pro-gram-ming lan-guage used to de-velop the server side of 
WEB-gene-expression
 []


Underfull \hbox (badness 10000) in paragraph at lines 148--149

 []

LaTeX Font Info:    External font `cmex10' loaded for size
(Font)              <7> on input line 150.
LaTeX Font Info:    External font `cmex10' loaded for size
(Font)              <5> on input line 150.
LaTeX Font Info:    External font `cmex10' loaded for size
(Font)              <8> on input line 150.
LaTeX Font Info:    External font `cmex10' loaded for size
(Font)              <6> on input line 150.

LaTeX Warning: Citation `Craig Larman' on page 6 undefined on input line 153.


LaTeX Warning: Citation `Luca Cabibbo' on page 6 undefined on input line 153.


Underfull \hbox (badness 10000) in paragraph at lines 153--156

 []

[6]
Underfull \hbox (badness 10000) in paragraph at lines 173--178

 []

[7]
Overfull \hbox (0.84448pt too wide) in paragraph at lines 182--183
[]\T1/cmr/m/n/10 ANALYSIS($[]$, name, date, id_experiment) with ref-er-en-tial 
in-tegrity
 []


Overfull \hbox (28.08783pt too wide) in paragraph at lines 184--185
[]\T1/cmr/m/n/10 USER($[]$, name, sur-name, email, pass-word, type, code, ac-co
unt_activated) 
 []


Overfull \hbox (3.06616pt too wide) in paragraph at lines 186--187
[]\T1/cmr/m/n/10 ANALYSIS_INSTANCE($[]$, $[]$, p_value_string,
 []


Overfull \hbox (12.24167pt too wide) in paragraph at lines 186--187
\T1/cmr/m/n/10 p_value, fold-Change) with ref-er-en-tial in-tegrity be-tween th
e \T1/cmr/m/it/10 id_analysis
 []


Underfull \hbox (badness 10000) in paragraph at lines 199--201

 []

[8] [9]
Chapter 3.

Overfull \hbox (10.82977pt too wide) in paragraph at lines 215--217
\T1/cmr/m/n/10 Following the Model-View-Controller pat-tern guide-lines, the WE
B-gene-expression
 []

[10

] [11]
Overfull \hbox (2.9177pt too wide) in paragraph at lines 274--275
[][][][][][][][][][][][][][][][][][][][] 
 []

[12] [13]
Chapter 4.
<figure/geneticCode.png, id=68, 1284.8pt x 487.8225pt>
File: figure/geneticCode.png Graphic file (type png)

<use figure/geneticCode.png>
Package pdftex.def Info: figure/geneticCode.png used on input line 313.
(pdftex.def)             Requested size: 346.90063pt x 131.71382pt.

Overfull \hbox (1.90063pt too wide) in paragraph at lines 313--314
 [] 
 []

[14

 <C:/xampp/htdocs/workspace/WEB-gene-expression/documentation/figure/geneticCod
e.png>]
Underfull \hbox (badness 10000) in paragraph at lines 328--329

 []


Underfull \hbox (badness 10000) in paragraph at lines 330--335

 []

[15] <figure/microarraySchema.jpg, id=76, 431.6125pt x 630.355pt>
File: figure/microarraySchema.jpg Graphic file (type jpg)

<use figure/microarraySchema.jpg>
Package pdftex.def Info: figure/microarraySchema.jpg used on input line 338.
(pdftex.def)             Requested size: 172.64194pt x 252.13753pt.
 [16 <C:/xampp/htdocs/workspace/WEB-gene-expression/documentation/figure/microa
rraySchema.jpg>]
(C:\xampp\htdocs\workspace\WEB-gene-expression\documentation\documentation.aux)

LaTeX Warning: There were undefined references.


LaTeX Warning: There were multiply-defined labels.

 ) 
Here is how much of TeX's memory you used:
 5970 strings out of 493921
 83873 string characters out of 3148883
 396679 words of memory out of 3000000
 9225 multiletter control sequences out of 15000+200000
 17625 words of font info for 36 fonts, out of 3000000 for 9000
 841 hyphenation exceptions out of 8191
 27i,8n,40p,1145b,2902s stack positions out of 5000i,500n,10000p,200000b,50000s
{C:/Program Files/MikTek/fonts/enc/dvips/cm-super/cm-super-t1.enc}<C:/Program
 Files/MikTek/fonts/type1/public/amsfonts/cm/cmsy10.pfb><C:/Program Files/MikTe
k/fonts/type1/public/cm-super/sfbx1000.pfb><C:/Program Files/MikTek/fonts/type1
/public/cm-super/sfbx1200.pfb><C:/Program Files/MikTek/fonts/type1/public/cm-su
per/sfbx1440.pfb><C:/Program Files/MikTek/fonts/type1/public/cm-super/sfbx1728.
pfb><C:/Program Files/MikTek/fonts/type1/public/cm-super/sfbx2074.pfb><C:/Progr
am Files/MikTek/fonts/type1/public/cm-super/sfbx2488.pfb><C:/Program Files/MikT
ek/fonts/type1/public/cm-super/sfrm0600.pfb><C:/Program Files/MikTek/fonts/type
1/public/cm-super/sfrm0700.pfb><C:/Program Files/MikTek/fonts/type1/public/cm-s
uper/sfrm0800.pfb><C:/Program Files/MikTek/fonts/type1/public/cm-super/sfrm1000
.pfb><C:/Program Files/MikTek/fonts/type1/public/cm-super/sfrm1440.pfb><C:/Prog
ram Files/MikTek/fonts/type1/public/cm-super/sfti1000.pfb><C:/Program Files/Mik
Tek/fonts/type1/public/cm-super/sfti1440.pfb>
Output written on documentation.pdf (17 pages, 999074 bytes).
PDF statistics:
 125 PDF objects out of 1000 (max. 8388607)
 0 named destinations out of 1000 (max. 500000)
 41 words of extra memory for PDF output out of 10000 (max. 10000000)

